2025-05-29 09:19:25,658 - INFO - Загружено 123 товаров из Excel
2025-05-29 09:19:25,658 - INFO - Бот запущен и готов к работе
2025-05-29 09:19:35,893 - INFO - Получен вопрос: 'Здравствуйте'
2025-05-29 09:21:22,859 - INFO - Загружено 123 товаров из Excel
2025-05-29 09:21:25,709 - INFO - Use pytorch device_name: cpu
2025-05-29 09:21:25,709 - INFO - Load pretrained SentenceTransformer: intfloat/multilingual-e5-small
2025-05-29 09:21:30,457 - INFO - Anonymized telemetry enabled. See                     https://docs.trychroma.com/telemetry for more information.
2025-05-29 09:21:30,494 - INFO - Бот запущен и готов к работе
2025-05-29 09:21:37,124 - INFO - Получен вопрос: 'Здравствуйте'
2025-05-29 09:21:37,125 - INFO - Вопрос не про наличие - обращение к YandexGPT
2025-05-29 09:21:46,839 - INFO - Получен вопрос: 'Как дела?'
2025-05-29 09:21:46,840 - INFO - Вопрос не про наличие - обращение к YandexGPT
2025-05-29 09:22:30,802 - INFO - Получен вопрос: 'Есть молочная девочка?'
2025-05-29 09:22:30,802 - INFO - Вопрос не про наличие - обращение к YandexGPT
2025-05-29 09:23:13,023 - INFO - Получен вопрос: 'Могу заказать большую молочную девочку?'
2025-05-29 09:23:13,023 - INFO - Вопрос не про наличие - обращение к YandexGPT
2025-05-29 09:23:30,353 - INFO - Получен вопрос: 'А на какой точке есть в наличии?'
2025-05-29 09:23:30,353 - INFO - Вопрос не про наличие - обращение к YandexGPT
2025-05-29 09:23:42,939 - INFO - Получен вопрос: 'А на какой точке можно забрать?'
2025-05-29 09:23:42,939 - INFO - Вопрос не про наличие - обращение к YandexGPT
2025-05-29 09:23:57,182 - INFO - Получен вопрос: 'Где есть Круассан с Шоколадом?'
2025-05-29 09:23:57,182 - INFO - Вопрос не про наличие - обращение к YandexGPT
2025-05-29 09:24:09,117 - INFO - Получен вопрос: 'Сколько осталось Тарталетка Малиновая?'
2025-05-29 09:24:09,118 - INFO - Определен вопрос про наличие товара
2025-05-29 09:24:09,118 - INFO - Извлечено название товара: 'осталось тарталетка малиновая'
2025-05-29 09:24:09,118 - INFO - Поиск товара по запросу: 'осталось тарталетка малиновая'
2025-05-29 09:24:09,118 - WARNING - Товар 'осталось тарталетка малиновая' не найден в базе
2025-05-29 09:24:21,448 - INFO - Получен вопрос: 'Есть ли Бенто Шоко-банан?'
2025-05-29 09:24:21,448 - INFO - Определен вопрос про наличие товара
2025-05-29 09:24:21,449 - INFO - Извлечено название товара: 'бенто шоко-банан'
2025-05-29 09:24:21,449 - INFO - Поиск товара по запросу: 'бенто шоко-банан'
2025-05-29 09:24:21,450 - INFO - Найден товар: ID=2e4d6156-3c23-11f0-0a80-140b00030a6a, название='Бенто Шоко-банан Стандарт'
2025-05-29 09:24:21,450 - INFO - Запрос остатков для товара ID=2e4d6156-3c23-11f0-0a80-140b00030a6a
2025-05-29 09:24:21,720 - ERROR - Ошибка запроса: 412 Client Error: Precondition Failed for url: https://api.moysklad.ru/api/remap/1.2/report/stock/all?filter=assortmentId=2e4d6156-3c23-11f0-0a80-140b00030a6a
2025-05-29 09:24:26,949 - INFO - Получен вопрос: 'Где есть Круассан с Шоколадом?'
2025-05-29 09:24:26,949 - INFO - Вопрос не про наличие - обращение к YandexGPT
2025-05-29 09:28:19,939 - INFO - Загружено 123 товаров из Excel
2025-05-29 09:28:22,825 - INFO - Use pytorch device_name: cpu
2025-05-29 09:28:22,825 - INFO - Load pretrained SentenceTransformer: intfloat/multilingual-e5-small
2025-05-29 09:28:27,820 - INFO - Anonymized telemetry enabled. See                     https://docs.trychroma.com/telemetry for more information.
2025-05-29 09:28:27,857 - INFO - Бот запущен и готов к работе
2025-05-29 09:28:33,890 - INFO - Получен вопрос: 'Здравсвтуйте'
2025-05-29 09:28:33,890 - INFO - Вопрос не про наличие - обращение к YandexGPT
2025-05-29 09:28:45,253 - INFO - Получен вопрос: 'Есть в наличии молоченая девочка?'
2025-05-29 09:28:45,253 - INFO - Определен вопрос про наличие товара
2025-05-29 09:28:45,254 - INFO - Извлечено название товара: 'в наличии молоченая девочка'
2025-05-29 09:28:45,254 - INFO - Поиск товара по запросу: 'в наличии молоченая девочка'
2025-05-29 09:28:45,256 - INFO - Найден товар: ID=2e575f67-3c23-11f0-0a80-140b00030a76, название='Бенто Молочная Девочка стандарт'
2025-05-29 09:28:45,256 - INFO - Запрос остатков для товара ID=2e575f67-3c23-11f0-0a80-140b00030a76
2025-05-29 09:28:45,422 - ERROR - Ошибка запроса: 412 Client Error: Precondition Failed for url: https://api.moysklad.ru/api/remap/1.2/report/stock/all?filter=assortmentId=2e575f67-3c23-11f0-0a80-140b00030a76
2025-05-29 09:32:32,016 - INFO - Загружено 123 товаров из Excel
2025-05-29 09:32:32,017 - INFO - Бот запущен и готов к работе
2025-05-29 09:32:59,652 - INFO - Получен вопрос: 'Здравстуйте '
2025-05-29 09:32:59,653 - INFO - Вопрос не про наличие - обращение к YandexGPT
2025-05-29 09:33:05,133 - INFO - Загружено 123 товаров из Excel
2025-05-29 09:33:05,133 - INFO - Бот запущен и готов к работе
2025-05-29 09:33:08,968 - INFO - Получен вопрос: 'Здравствуйте'
2025-05-29 09:33:08,969 - INFO - Вопрос не про наличие - обращение к YandexGPT
2025-05-29 09:35:44,916 - INFO - Загружено 123 товаров из Excel
2025-05-29 09:35:47,992 - INFO - Use pytorch device_name: cpu
2025-05-29 09:35:47,992 - INFO - Load pretrained SentenceTransformer: intfloat/multilingual-e5-small
2025-05-29 09:35:52,558 - INFO - Anonymized telemetry enabled. See                     https://docs.trychroma.com/telemetry for more information.
2025-05-29 09:35:52,598 - INFO - Бот запущен и готов к работе
2025-05-29 09:35:58,631 - INFO - Получен вопрос: 'Здравствуйте'
2025-05-29 09:35:58,632 - INFO - Вопрос не про наличие - обращение к YandexGPT
2025-05-29 09:36:09,610 - INFO - Получен вопрос: 'Есть торт Молочная девочка?'
2025-05-29 09:36:09,610 - INFO - Вопрос не про наличие - обращение к YandexGPT
2025-05-29 09:36:21,261 - INFO - Получен вопрос: 'Большой торт'
2025-05-29 09:36:21,261 - INFO - Вопрос не про наличие - обращение к YandexGPT
2025-05-29 09:36:32,109 - INFO - Получен вопрос: 'А где я могу его забрать?'
2025-05-29 09:36:32,110 - INFO - Вопрос не про наличие - обращение к YandexGPT
2025-05-29 09:36:50,010 - INFO - Получен вопрос: 'Где взять круассан с шоколадом?'
2025-05-29 09:36:50,010 - INFO - Определен вопрос про наличие товара
2025-05-29 09:36:50,010 - INFO - Извлечен запрос товара: 'круассан с шоколадом'
2025-05-29 09:37:00,637 - INFO - Получен вопрос: '2'
2025-05-29 09:37:00,637 - INFO - Вопрос не про наличие - обращение к YandexGPT
2025-05-29 09:37:14,064 - INFO - Получен вопрос: '"Есть ли молочная девочка?"'
2025-05-29 09:37:14,065 - INFO - Вопрос не про наличие - обращение к YandexGPT
2025-05-29 09:37:20,632 - INFO - Получен вопрос: '"Сколько осталось тарталеток малиновых?"'
2025-05-29 09:37:20,632 - INFO - Определен вопрос про наличие товара
2025-05-29 09:37:20,632 - INFO - Извлечен запрос товара: 'тарталеток малиновых'
2025-05-29 09:37:25,459 - INFO - Получен вопрос: 'Тарталетка Манго Чиз'
2025-05-29 09:37:25,460 - INFO - Вопрос не про наличие - обращение к YandexGPT
2025-05-29 09:38:03,302 - INFO - Получен вопрос: 'Посмотри в базе где можно забрать самовывозом Манго Чиз тарталетку'
2025-05-29 09:38:03,302 - INFO - Определен вопрос про наличие товара
2025-05-29 09:38:03,302 - INFO - Извлечен запрос товара: 'посмотри базе самовывозом манго чиз тарталетку'
2025-05-29 09:38:18,841 - INFO - Получен вопрос: 'Тогда поищи где можно взять торт молочная девочка'
2025-05-29 09:38:18,841 - INFO - Вопрос не про наличие - обращение к YandexGPT
2025-05-29 09:38:30,528 - INFO - Получен вопрос: 'Орбит 10'
2025-05-29 09:38:30,529 - INFO - Вопрос не про наличие - обращение к YandexGPT
2025-05-29 09:39:06,231 - INFO - Получен вопрос: 'Але посмотри на какой точке можно забрать торт Молочная девочка большая?'
2025-05-29 09:39:06,232 - INFO - Определен вопрос про наличие товара
2025-05-29 09:39:06,232 - INFO - Извлечен запрос товара: 'але посмотри какой торт молочная девочка большая'
2025-05-29 09:39:06,233 - INFO - Выбран товар: ID=2f3cb2bc-3c23-11f0-0a80-140b00030b9f, название='Торт Молочная Девочка Большая'
2025-05-29 09:39:45,829 - INFO - Загружено 123 товаров из Excel
2025-05-29 09:39:48,647 - INFO - Use pytorch device_name: cpu
2025-05-29 09:39:48,647 - INFO - Load pretrained SentenceTransformer: intfloat/multilingual-e5-small
2025-05-29 09:39:53,205 - INFO - Anonymized telemetry enabled. See                     https://docs.trychroma.com/telemetry for more information.
2025-05-29 09:39:53,245 - INFO - Бот запущен и готов к работе
2025-05-29 09:39:58,212 - INFO - Получен вопрос: 'Здравствуйте'
2025-05-29 09:39:58,213 - INFO - Вопрос не про наличие - обращение к YandexGPT
2025-05-29 09:40:09,086 - INFO - Получен вопрос: 'Нужен торт Молочная девочка большая'
2025-05-29 09:40:09,086 - INFO - Вопрос не про наличие - обращение к YandexGPT
2025-05-29 09:40:20,658 - INFO - Получен вопрос: 'А где я могу его забрать?'
2025-05-29 09:40:20,659 - INFO - Вопрос не про наличие - обращение к YandexGPT
2025-05-29 09:40:32,972 - INFO - Получен вопрос: 'Есть ли молочная девочка?'
2025-05-29 09:40:32,972 - INFO - Вопрос не про наличие - обращение к YandexGPT
2025-05-29 09:40:48,916 - INFO - Получен вопрос: 'А тарталетка есть?'
2025-05-29 09:40:48,916 - INFO - Вопрос не про наличие - обращение к YandexGPT
2025-05-29 09:41:02,254 - INFO - Получен вопрос: 'Банановая нужно посмотите наличие'
2025-05-29 09:41:02,254 - INFO - Вопрос не про наличие - обращение к YandexGPT
2025-05-29 09:42:13,525 - INFO - Получен вопрос: 'Есть ли где взять купить найти можно забрать Молочная девочка?'
2025-05-29 09:42:13,525 - INFO - Определен вопрос про наличие товара
2025-05-29 09:42:13,525 - INFO - Извлечен запрос товара: 'молочная девочка'
2025-05-29 09:42:19,836 - INFO - Получен вопрос: '2'
2025-05-29 09:42:19,836 - INFO - Выбран товар: ID=2f4c9966-3c23-11f0-0a80-140b00030bb3, название='Торт Молочная Девочка Средняя'
2025-05-29 10:41:00,109 - INFO - Загружено 123 товаров из Excel
2025-05-29 10:41:11,133 - INFO - Use pytorch device_name: cpu
2025-05-29 10:41:11,133 - INFO - Load pretrained SentenceTransformer: intfloat/multilingual-e5-small
2025-05-29 10:41:15,871 - INFO - Anonymized telemetry enabled. See                     https://docs.trychroma.com/telemetry for more information.
2025-05-29 10:41:16,248 - INFO - Бот запущен и готов к работе
2025-05-29 10:41:27,552 - INFO - Получен вопрос: 'Здравствуйте'
2025-05-29 10:41:27,553 - INFO - Вопрос не про наличие - обращение к YandexGPT
2025-05-29 10:41:37,031 - INFO - Получен вопрос: 'Есть у вас молочная девчока?'
2025-05-29 10:41:37,031 - INFO - Вопрос не про наличие - обращение к YandexGPT
2025-05-29 10:41:44,532 - INFO - Получен вопрос: 'Да'
2025-05-29 10:41:44,532 - INFO - Вопрос не про наличие - обращение к YandexGPT
2025-05-29 10:41:55,876 - INFO - Получен вопрос: 'Большой'
2025-05-29 10:41:55,876 - INFO - Вопрос не про наличие - обращение к YandexGPT
2025-05-29 10:42:07,163 - INFO - Получен вопрос: 'Можно оформить заказ?'
2025-05-29 10:42:07,163 - INFO - Вопрос не про наличие - обращение к YandexGPT
2025-05-29 10:42:20,811 - INFO - Получен вопрос: 'На какой точке можно забрать?'
2025-05-29 10:42:20,811 - INFO - Определен вопрос про наличие товара
2025-05-29 10:42:20,811 - INFO - Извлечен запрос товара: 'какой'
2025-05-29 10:42:43,102 - INFO - Получен вопрос: 'На какой точке можно забрать молочную девочку?'
2025-05-29 10:42:43,102 - INFO - Определен вопрос про наличие товара
2025-05-29 10:42:43,102 - INFO - Извлечен запрос товара: 'какой молочную девочку'
2025-05-29 10:42:45,424 - INFO - Получен вопрос: '1'
2025-05-29 10:42:45,425 - INFO - Выбран товар: Meta Href=https://api.moysklad.ru/api/remap/1.2/entity/product/2f9dc727-3c23-11f0-0a80-140b00030c17, название='Кусочек Молочная Девочка'
2025-05-29 10:43:01,831 - INFO - Получен вопрос: 'На какой точке можно забрать торт молочная девочка?'
2025-05-29 10:43:01,831 - INFO - Определен вопрос про наличие товара
2025-05-29 10:43:01,832 - INFO - Извлечен запрос товара: 'какой торт молочная девочка'
2025-05-29 10:43:06,197 - INFO - Получен вопрос: '1'
2025-05-29 10:43:06,198 - INFO - Выбран товар: Meta Href=https://api.moysklad.ru/api/remap/1.2/entity/product/2f4c9966-3c23-11f0-0a80-140b00030bb3, название='Торт Молочная Девочка Средняя'
2025-05-29 10:47:12,812 - INFO - Загружено 123 товаров из Excel
2025-05-29 10:47:15,515 - INFO - Use pytorch device_name: cpu
2025-05-29 10:47:15,515 - INFO - Load pretrained SentenceTransformer: intfloat/multilingual-e5-small
2025-05-29 10:47:20,231 - INFO - Anonymized telemetry enabled. See                     https://docs.trychroma.com/telemetry for more information.
2025-05-29 10:47:20,267 - INFO - Бот запущен и готов к работе
2025-05-29 10:51:37,003 - INFO - Получен вопрос: 'Здравствуйте'
2025-05-29 10:51:37,004 - INFO - Вопрос не про наличие - обращение к YandexGPT
2025-05-29 10:51:51,431 - INFO - Получен вопрос: 'Интересует торт молочная девочка'
2025-05-29 10:51:51,431 - INFO - Вопрос не про наличие - обращение к YandexGPT
2025-05-29 10:52:06,129 - INFO - Получен вопрос: 'А есть в наличии?'
2025-05-29 10:52:06,129 - INFO - Определен вопрос про наличие товара
2025-05-29 10:52:06,130 - INFO - Извлечен запрос товара: 'а наличии'
2025-05-29 10:52:32,222 - INFO - Получен вопрос: 'А есть в наличии торт Молочная девчока?'
2025-05-29 10:52:32,223 - INFO - Определен вопрос про наличие товара
2025-05-29 10:52:32,223 - INFO - Извлечен запрос товара: 'а наличии торт молочная девчока'
2025-05-29 10:52:34,195 - INFO - Получен вопрос: '1'
2025-05-29 10:52:34,195 - INFO - Выбран товар: Meta Href=https://api.moysklad.ru/api/remap/1.2/entity/product/2f4c9966-3c23-11f0-0a80-140b00030bb3, название='Торт Молочная Девочка Средняя'
2025-05-29 10:56:00,425 - INFO - Загружено 123 товаров из Excel
2025-05-29 10:56:03,181 - INFO - Use pytorch device_name: cpu
2025-05-29 10:56:03,181 - INFO - Load pretrained SentenceTransformer: intfloat/multilingual-e5-small
2025-05-29 10:56:07,975 - INFO - Anonymized telemetry enabled. See                     https://docs.trychroma.com/telemetry for more information.
2025-05-29 10:56:08,013 - INFO - Бот запущен и готов к работе
2025-05-29 10:56:11,055 - INFO - Получен вопрос: 'Здравствуйте'
2025-05-29 10:56:11,056 - INFO - Вопрос не про наличие - обращение к YandexGPT
2025-05-29 10:56:21,124 - INFO - Получен вопрос: 'Хочу заказать торт Молочная девочка'
2025-05-29 10:56:21,124 - INFO - Вопрос не про наличие - обращение к YandexGPT
2025-05-29 10:56:31,852 - INFO - Получен вопрос: 'Молочная девочка'
2025-05-29 10:56:31,852 - INFO - Вопрос не про наличие - обращение к YandexGPT
2025-05-29 10:56:42,883 - INFO - Получен вопрос: 'Молочная девочка'
2025-05-29 10:56:42,883 - INFO - Вопрос не про наличие - обращение к YandexGPT
2025-05-29 10:56:50,712 - INFO - Получен вопрос: 'Тарталетку'
2025-05-29 10:56:50,713 - INFO - Вопрос не про наличие - обращение к YandexGPT
2025-05-29 10:57:07,990 - INFO - Получен вопрос: 'Какие торты у вас есть?'
2025-05-29 10:57:07,990 - INFO - Вопрос не про наличие - обращение к YandexGPT
2025-05-29 10:57:26,488 - INFO - Получен вопрос: 'А в наличие он есть?'
2025-05-29 10:57:26,488 - INFO - Вопрос не про наличие - обращение к YandexGPT
2025-05-29 10:57:38,281 - INFO - Получен вопрос: 'Большая молочная девчока'
2025-05-29 10:57:38,281 - INFO - Вопрос не про наличие - обращение к YandexGPT
2025-05-29 11:02:12,909 - INFO - Загружено 123 товаров из Excel
2025-05-29 11:02:15,831 - INFO - Use pytorch device_name: cpu
2025-05-29 11:02:15,831 - INFO - Load pretrained SentenceTransformer: intfloat/multilingual-e5-small
2025-05-29 11:02:20,574 - INFO - Anonymized telemetry enabled. See                     https://docs.trychroma.com/telemetry for more information.
2025-05-29 11:02:20,613 - INFO - Бот запущен и готов к работе
2025-05-29 11:02:24,718 - INFO - Получен вопрос: 'Здравствуйте'
2025-05-29 11:02:24,719 - INFO - Вопрос не про наличие - обращение к YandexGPT
2025-05-29 11:02:34,300 - INFO - Получен вопрос: 'Интересует торт молочная девочка'
2025-05-29 11:02:34,300 - INFO - Вопрос не про наличие - обращение к YandexGPT
2025-05-29 11:02:49,900 - INFO - Получен вопрос: 'А какие варианты этого торта у вас есть?'
2025-05-29 11:02:49,900 - INFO - Вопрос не про наличие - обращение к YandexGPT
2025-05-29 11:03:06,169 - INFO - Получен вопрос: 'Давайте большой торт'
2025-05-29 11:03:06,170 - INFO - Вопрос не про наличие - обращение к YandexGPT
2025-05-29 11:03:16,730 - INFO - Получен вопрос: 'Можно оформить заказ?'
2025-05-29 11:03:16,730 - INFO - Вопрос не про наличие - обращение к YandexGPT
2025-05-29 11:03:27,752 - INFO - Получен вопрос: 'Давайте заказ'
2025-05-29 11:03:27,752 - INFO - Вопрос не про наличие - обращение к YandexGPT
2025-05-29 11:03:43,483 - INFO - Получен вопрос: 'На какой точке он есть в наличии?'
2025-05-29 11:03:43,483 - INFO - Извлечен запрос товара: 'какой он наличии'
2025-05-29 11:03:58,922 - INFO - Получен вопрос: 'На какой точке молочная девочка есть в наличии?'
2025-05-29 11:03:58,922 - INFO - Извлечен запрос товара: 'какой молочная девочка наличии'
2025-05-29 11:04:02,321 - INFO - Получен вопрос: '2'
2025-05-29 11:04:02,321 - INFO - Выбран товар: Meta Href=https://api.moysklad.ru/api/remap/1.2/entity/product/2f4c9966-3c23-11f0-0a80-140b00030bb3, название='Торт Молочная Девочка Средняя'
2025-05-29 11:24:13,881 - INFO - Use pytorch device_name: cpu
2025-05-29 11:24:13,881 - INFO - Load pretrained SentenceTransformer: intfloat/multilingual-e5-small
2025-05-29 11:24:18,736 - INFO - Anonymized telemetry enabled. See                     https://docs.trychroma.com/telemetry for more information.
2025-05-29 11:24:18,778 - INFO - Бот запущен и готов к работе
2025-05-29 11:24:23,944 - INFO - Получен вопрос: 'Здравствуйте'
2025-05-29 11:24:23,944 - INFO - Вопрос не про наличие - обращение к YandexGPT
2025-05-29 11:24:37,172 - INFO - Получен вопрос: 'Интересует торт Молочная девочка'
2025-05-29 11:24:37,173 - INFO - Вопрос не про наличие - обращение к YandexGPT
2025-05-29 11:24:50,161 - INFO - Получен вопрос: 'Можно заказать его?'
2025-05-29 11:24:50,161 - INFO - Вопрос не про наличие - обращение к YandexGPT
2025-05-29 11:25:16,374 - INFO - Получен вопрос: 'Мой адрес г Караганда, Орбита 1, дом 10'
2025-05-29 18:14:34,854 - INFO - Use pytorch device_name: cpu
2025-05-29 18:14:34,854 - INFO - Load pretrained SentenceTransformer: intfloat/multilingual-e5-small
2025-05-29 18:14:40,138 - INFO - Anonymized telemetry enabled. See                     https://docs.trychroma.com/telemetry for more information.
2025-05-29 18:14:40,526 - INFO - Бот запущен и готов к работе
2025-05-29 18:17:21,832 - INFO - Получен вопрос: 'Здравствуйте'
2025-05-29 18:17:21,833 - INFO - Вопрос не про наличие - обращение к YandexGPT
2025-05-29 18:17:35,418 - INFO - Получен вопрос: 'Меня интересует торт Молочная девочка'
2025-05-29 18:17:35,419 - INFO - Вопрос не про наличие - обращение к YandexGPT
2025-05-29 18:18:01,091 - INFO - Получен вопрос: 'город Караганда'
2025-06-01 13:03:37,665 - INFO - Use pytorch device_name: cpu
2025-06-01 13:03:37,667 - INFO - Load pretrained SentenceTransformer: intfloat/multilingual-e5-small
2025-06-01 16:17:30,787 - INFO - Use pytorch device_name: cpu
2025-06-01 16:17:30,787 - INFO - Load pretrained SentenceTransformer: intfloat/multilingual-e5-small
2025-06-01 16:17:35,355 - INFO - Anonymized telemetry enabled. See                     https://docs.trychroma.com/telemetry for more information.
2025-06-01 16:17:35,766 - INFO - Бот запущен и готов к работе
2025-06-01 16:18:07,132 - INFO - Получен вопрос: 'Здравствуйте'
2025-06-01 16:18:07,134 - INFO - Вопрос не про наличие - обращение к YandexGPT
2025-06-01 16:18:20,972 - INFO - Получен вопрос: 'Меня интересует торт Молочная девочка'
2025-06-01 16:18:20,973 - INFO - Вопрос не про наличие - обращение к YandexGPT
2025-06-01 16:18:49,846 - INFO - Получен вопрос: 'Интересует большой торт'
2025-06-01 16:18:49,846 - INFO - Вопрос не про наличие - обращение к YandexGPT
2025-06-01 16:19:08,755 - INFO - Получен вопрос: 'Хорошо, можно забрать самостоятельно?'
2025-06-01 16:19:08,756 - INFO - Извлечен запрос товара: 'хорошо самостоятельно'
2025-06-01 16:20:05,000 - INFO - Use pytorch device_name: cpu
2025-06-01 16:20:05,000 - INFO - Load pretrained SentenceTransformer: intfloat/multilingual-e5-small
2025-06-01 16:20:09,688 - INFO - Anonymized telemetry enabled. See                     https://docs.trychroma.com/telemetry for more information.
2025-06-01 16:20:09,730 - INFO - Бот запущен и готов к работе
2025-06-01 16:20:18,938 - INFO - Получен вопрос: 'Здравствуйте'
2025-06-01 16:20:18,938 - INFO - Вопрос не про наличие - обращение к YandexGPT
2025-06-01 16:20:29,652 - INFO - Получен вопрос: 'Меня интересует торт молочная девочка'
2025-06-01 16:20:29,653 - INFO - Вопрос не про наличие - обращение к YandexGPT
2025-06-01 16:20:54,390 - INFO - Получен вопрос: 'Можно ли оформить доставку?'
2025-06-01 16:20:54,391 - INFO - Вопрос не про наличие - обращение к YandexGPT
2025-06-01 16:21:38,027 - INFO - Получен вопрос: 'Отлично, оформите доставку на адрес ул Абая дом 5'
2025-06-01 16:22:10,225 - INFO - Получен вопрос: 'Проспект Назарбаева 58'
2025-06-01 16:22:10,226 - INFO - Вопрос не про наличие - обращение к YandexGPT
2025-06-01 16:22:32,338 - INFO - Получен вопрос: 'г Караганда, проспект Назарбаева 58'
2025-06-01 16:22:32,338 - INFO - Вопрос не про наличие - обращение к YandexGPT
2025-06-01 16:23:00,724 - INFO - Получен вопрос: 'а Мкр Орбита 1, дом 10?'
2025-06-01 16:23:00,724 - INFO - Вопрос не про наличие - обращение к YandexGPT
2025-06-01 16:26:19,098 - INFO - Use pytorch device_name: cpu
2025-06-01 16:26:19,098 - INFO - Load pretrained SentenceTransformer: intfloat/multilingual-e5-small
2025-06-01 16:26:23,384 - INFO - Anonymized telemetry enabled. See                     https://docs.trychroma.com/telemetry for more information.
2025-06-01 16:26:23,426 - INFO - Бот запущен и готов к работе
2025-06-01 16:26:28,767 - INFO - Получен вопрос: 'Здравствуйте'
2025-06-01 16:26:28,768 - INFO - Вопрос не про наличие - обращение к YandexGPT
2025-06-01 16:26:43,440 - INFO - Получен вопрос: 'Нужна помощь с выбором торта'
2025-06-01 16:26:43,441 - INFO - Вопрос не про наличие - обращение к YandexGPT
2025-06-01 16:27:09,610 - INFO - Получен вопрос: 'А как насчет молочной девочки?'
2025-06-01 16:27:09,610 - INFO - Вопрос не про наличие - обращение к YandexGPT
2025-06-01 16:27:41,768 - INFO - Получен вопрос: 'А есть ли большая молочная девочка в наличии:'
2025-06-01 16:27:41,768 - INFO - Вопрос не про наличие - обращение к YandexGPT
2025-06-01 16:27:58,383 - INFO - Получен вопрос: 'А на каких точках можно будет забрать?'
2025-06-01 16:27:58,383 - INFO - Извлечен запрос товара: 'а каких точках будет'
2025-06-01 16:28:15,929 - INFO - Получен вопрос: 'А на каких точках можно будет забрать молочную девочку?'
2025-06-01 16:28:15,930 - INFO - Извлечен запрос товара: 'а каких точках будет молочную девочку'
2025-06-01 22:02:29,699 - INFO - Use pytorch device_name: cpu
2025-06-01 22:02:29,699 - INFO - Load pretrained SentenceTransformer: intfloat/multilingual-e5-small
2025-06-01 22:02:34,358 - INFO - Anonymized telemetry enabled. See                     https://docs.trychroma.com/telemetry for more information.
2025-06-01 22:02:34,727 - INFO - Бот запущен и готов к работе
2025-06-01 22:02:40,973 - INFO - Получен вопрос: 'Здравствуйте'
2025-06-01 22:02:40,974 - INFO - Вопрос не про наличие - обращение к YandexGPT
2025-06-01 22:02:53,455 - INFO - Получен вопрос: 'Меня интересует торт Молочная девочка'
2025-06-01 22:02:53,455 - INFO - Вопрос не про наличие - обращение к YandexGPT
2025-06-01 22:03:14,299 - INFO - Получен вопрос: 'Хорошо, а сколько стоит?'
2025-06-01 22:03:14,300 - INFO - Вопрос не про наличие - обращение к YandexGPT
2025-06-01 22:03:37,242 - INFO - Получен вопрос: 'Большая Молочная девочка'
2025-06-01 22:03:37,242 - INFO - Вопрос не про наличие - обращение к YandexGPT
2025-06-01 22:03:51,291 - INFO - Получен вопрос: 'Отлично, можно ли заказать?'
2025-06-01 22:03:51,292 - INFO - Вопрос не про наличие - обращение к YandexGPT
2025-06-01 22:04:14,132 - INFO - Получен вопрос: 'Да, хотим оформить доставку'
2025-06-01 22:04:14,132 - INFO - Вопрос не про наличие - обращение к YandexGPT
2025-06-01 22:04:47,768 - INFO - Use pytorch device_name: cpu
2025-06-01 22:04:47,769 - INFO - Load pretrained SentenceTransformer: intfloat/multilingual-e5-small
2025-06-01 22:04:52,602 - INFO - Anonymized telemetry enabled. See                     https://docs.trychroma.com/telemetry for more information.
2025-06-01 22:04:52,646 - INFO - Бот запущен и готов к работе
2025-06-01 22:05:05,250 - INFO - Получен вопрос: 'Здравствуйте, нужен торт Большая молочная девочка'
2025-06-01 22:05:05,251 - INFO - Вопрос не про наличие - обращение к YandexGPT
2025-06-01 22:05:32,326 - INFO - Получен вопрос: 'Хотели оформить доставку'
2025-06-01 22:05:32,326 - INFO - Вопрос не про наличие - обращение к YandexGPT
2025-06-01 22:06:03,517 - INFO - Получен вопрос: 'Г Караганда, Мкр Орбита 1, дом 7'
2025-06-01 22:06:03,518 - INFO - Вопрос не про наличие - обращение к YandexGPT
2025-06-01 22:06:42,478 - INFO - Use pytorch device_name: cpu
2025-06-01 22:06:42,478 - INFO - Load pretrained SentenceTransformer: intfloat/multilingual-e5-small
2025-06-01 22:06:46,772 - INFO - Anonymized telemetry enabled. See                     https://docs.trychroma.com/telemetry for more information.
2025-06-01 22:06:46,814 - INFO - Бот запущен и готов к работе
2025-06-01 22:06:49,920 - INFO - Получен вопрос: 'Здравствуйте'
2025-06-01 22:06:49,920 - INFO - Вопрос не про наличие - обращение к YandexGPT
2025-06-01 22:06:59,824 - INFO - Получен вопрос: 'Какие адреса в городе Караганда у вас есть?'
2025-06-01 22:07:33,045 - INFO - Получен вопрос: 'Какие адреса у вас есть?'
2025-06-01 22:07:46,442 - INFO - Получен вопрос: 'В Караганде где можно у вас покушать?'
2025-06-01 22:07:46,442 - INFO - Вопрос не про наличие - обращение к YandexGPT
2025-06-01 22:08:19,961 - INFO - Получен вопрос: 'А какие способы оплаты у вас есть?'
2025-06-01 22:08:19,961 - INFO - Вопрос не про наличие - обращение к YandexGPT
2025-06-01 22:08:42,860 - INFO - Получен вопрос: 'А какие у вас условия доставки?'
2025-06-01 22:08:42,860 - INFO - Вопрос не про наличие - обращение к YandexGPT
2025-06-01 22:09:08,731 - INFO - Получен вопрос: 'Я имею ввиду про кондитерскую Хани'
2025-06-01 22:09:08,731 - INFO - Вопрос не про наличие - обращение к YandexGPT
2025-06-01 22:09:42,876 - INFO - Получен вопрос: 'А какие у вас есть виды круассанов'
2025-06-01 22:09:42,876 - INFO - Вопрос не про наличие - обращение к YandexGPT
2025-06-05 14:29:57,614 - INFO - Use pytorch device_name: cpu
2025-06-05 14:29:57,615 - INFO - Load pretrained SentenceTransformer: intfloat/multilingual-e5-small
2025-06-05 14:30:03,860 - INFO - Anonymized telemetry enabled. See                     https://docs.trychroma.com/telemetry for more information.
2025-06-05 14:30:04,314 - INFO - Бот запущен и готов к работе
2025-06-05 14:30:18,206 - INFO - Получен вопрос: 'Здравствуйте'
2025-06-05 14:30:18,207 - INFO - Вопрос не про наличие - обращение к YandexGPT
2025-06-05 14:30:30,012 - INFO - Получен вопрос: 'Интерует торт Молочная девочка'
2025-06-05 14:30:30,013 - INFO - Вопрос не про наличие - обращение к YandexGPT
2025-06-05 14:30:41,121 - INFO - Получен вопрос: 'Молочная девочка бро'
2025-06-05 14:30:41,121 - INFO - Вопрос не про наличие - обращение к YandexGPT
2025-06-05 14:31:01,063 - INFO - Получен вопрос: 'Интересует большая Молочная девочкап'
2025-06-05 14:31:01,063 - INFO - Вопрос не про наличие - обращение к YandexGPT
2025-06-05 14:31:11,948 - INFO - Получен вопрос: 'Где можно забрать?'
2025-06-05 14:31:11,948 - INFO - Извлечен запрос товара: ''
2025-06-05 14:31:24,394 - INFO - Получен вопрос: 'Большая Молочная девочка'
2025-06-05 14:31:24,395 - INFO - Вопрос не про наличие - обращение к YandexGPT
2025-06-05 14:31:39,217 - INFO - Получен вопрос: 'Можно забрать МОлочную девочку?'
2025-06-05 14:31:39,218 - INFO - Извлечен запрос товара: 'молочную девочку'
2025-06-05 14:31:44,526 - INFO - Получен вопрос: '2'
2025-06-05 14:31:44,527 - INFO - Выбран товар: Meta Href=https://api.moysklad.ru/api/remap/1.2/entity/product/2f8012ab-3c23-11f0-0a80-140b00030bf3, название='Половина Молочной девочки'
2025-06-05 14:31:57,224 - INFO - Получен вопрос: 'Сколько доставка стоит?'
2025-06-11 15:02:29,429 - INFO - Use pytorch device_name: cpu
2025-06-11 15:02:29,429 - INFO - Load pretrained SentenceTransformer: intfloat/multilingual-e5-small
2025-06-11 15:02:35,002 - INFO - Anonymized telemetry enabled. See                     https://docs.trychroma.com/telemetry for more information.
2025-06-11 15:02:35,289 - INFO - Бот запущен и готов к работе
2025-06-11 15:02:48,402 - INFO - Получен вопрос: 'Здраствуйте'
2025-06-11 15:02:48,404 - INFO - Вопрос не про наличие - обращение к YandexGPT
2025-06-11 15:03:06,076 - INFO - Получен вопрос: 'Интересует торт Молочная девочка'
2025-06-11 15:03:06,076 - INFO - Вопрос не про наличие - обращение к YandexGPT
2025-06-11 15:03:34,397 - INFO - Получен вопрос: 'А средняя молочная девочка есть в наличии?'
2025-06-11 15:03:34,397 - INFO - Извлечен запрос товара: 'а средняя молочная девочка наличии'
2025-06-11 15:03:41,037 - INFO - Получен вопрос: '3'
2025-06-11 15:03:41,037 - INFO - Выбран товар: Meta Href=https://api.moysklad.ru/api/remap/1.2/entity/product/2f4c9966-3c23-11f0-0a80-140b00030bb3, название='Торт Молочная Девочка Средняя'
2025-06-11 15:04:05,937 - INFO - Получен вопрос: 'Можно оформить доставку молочной девочки?'
2025-06-11 15:04:05,937 - INFO - Вопрос не про наличие - обращение к YandexGPT
